<?xml version="1.0" encoding="UTF-8"?>
<!-- Generated by org.testng.reporters.JUnitReportReporter -->
<testsuite hostname="DESKTOP-PDESL0Q" failures="0" tests="2" name="seleniumTest.OrderOfAnnotations" time="0.018" errors="0" timestamp="2023-09-21T22:59:16 IST" skipped="0">
  <testcase classname="seleniumTest.OrderOfAnnotations" name="test1" time="0.012"/>
  <testcase classname="seleniumTest.OrderOfAnnotations" name="test2" time="0.006"/>
</testsuite> <!-- seleniumTest.OrderOfAnnotations -->
