<?xml version="1.0" encoding="UTF-8"?>
<!-- Generated by org.testng.reporters.JUnitReportReporter -->
<testsuite hostname="LAPTOP-5Q9HUDET" failures="0" tests="1" name="seleniumTest.FrameTest" time="31.851" errors="0" timestamp="2023-10-13T22:22:53 IST" skipped="0">
  <testcase classname="seleniumTest.FrameTest" name="VerfifyTitle" time="31.851"/>
</testsuite> <!-- seleniumTest.FrameTest -->
