<?xml version="1.0" encoding="UTF-8"?>
<!-- Generated by org.testng.reporters.JUnitReportReporter -->
<testsuite hostname="LAPTOP-5Q9HUDET" failures="0" tests="1" name="seleniumTest.ActionTest" time="3.637" errors="0" timestamp="2023-11-13T00:20:30 IST" skipped="0">
  <testcase classname="seleniumTest.ActionTest" name="PerformActions" time="3.637">
    <system-out>
      <![CDATA[<a href="C:\Users\ehtes\git\SecondDemo\Demo\Screenshot\ActionTest\VisiblePart.jpg">screenshot]]>
    </system-out>
  </testcase> <!-- PerformActions -->
  <system-out>
    <![CDATA[<a href="C:\Users\ehtes\git\SecondDemo\Demo\Screenshot\ActionTest\VisiblePart.jpg">screenshot]]>
  </system-out>
</testsuite> <!-- seleniumTest.ActionTest -->
