<?xml version="1.0" encoding="UTF-8"?>
<!-- Generated by org.testng.reporters.JUnitReportReporter -->
<testsuite hostname="DESKTOP-PDESL0Q" failures="0" tests="1" name="javaBasics.ExeptionExample" time="0.016" errors="0" timestamp="2023-09-16T14:22:11 IST" skipped="0">
  <testcase classname="javaBasics.ExeptionExample" name="test" time="0.016"/>
</testsuite> <!-- javaBasics.ExeptionExample -->
