<?xml version="1.0" encoding="UTF-8"?>
<!-- Generated by org.testng.reporters.JUnitReportReporter -->
<testsuite hostname="DESKTOP-PDESL0Q" failures="0" tests="2" name="seleniumTest.CheckOnAnnotation" time="0.026" errors="0" timestamp="2023-09-16T23:17:11 IST" skipped="0">
  <testcase classname="seleniumTest.CheckOnAnnotation" name="test1" time="0.019"/>
  <testcase classname="seleniumTest.CheckOnAnnotation" name="test2" time="0.007"/>
</testsuite> <!-- seleniumTest.CheckOnAnnotation -->
