<?xml version="1.0" encoding="UTF-8"?>
<!-- Generated by org.testng.reporters.JUnitReportReporter -->
<testsuite hostname="LAPTOP-5Q9HUDET" failures="0" tests="2" name="Test1" time="13.978" errors="0" timestamp="2023-11-01T16:31:10 IST" skipped="0">
  <testcase classname="Test1" name="callCountryCapital" time="7.462"/>
  <testcase classname="Test1" name="callCountryCapital" time="6.516"/>
</testsuite> <!-- Test1 -->
