<?xml version="1.0" encoding="UTF-8"?>
<!-- Generated by org.testng.reporters.JUnitReportReporter -->
<testsuite hostname="LAPTOP-5Q9HUDET" failures="0" tests="1" name="seleniumTest.SwitchFrame" time="13.183" errors="0" timestamp="2023-10-17T12:04:31 IST" skipped="0">
  <testcase classname="seleniumTest.SwitchFrame" name="FrameSwitch" time="13.183"/>
</testsuite> <!-- seleniumTest.SwitchFrame -->
