<?xml version="1.0" encoding="UTF-8"?>
<!-- Generated by org.testng.reporters.JUnitReportReporter -->
<testsuite hostname="Intekhab-PC" failures="0" tests="6" name="Files.ApiCRUD" time="5.616" errors="0" timestamp="2023-09-03T13:10:48 IST" skipped="0">
  <testcase classname="Files.ApiCRUD" name="AddBook" time="0.251"/>
  <testcase classname="Files.ApiCRUD" name="deleteBook" time="0.271"/>
  <testcase classname="Files.ApiCRUD" name="deleteBook" time="0.180"/>
  <testcase classname="Files.ApiCRUD" name="AddBook" time="0.270"/>
  <testcase classname="Files.ApiCRUD" name="AddBook" time="4.464"/>
  <testcase classname="Files.ApiCRUD" name="deleteBook" time="0.180"/>
</testsuite> <!-- Files.ApiCRUD -->
