<?xml version="1.0" encoding="UTF-8"?>
<!-- Generated by org.testng.reporters.JUnitReportReporter -->
<testsuite hostname="LAPTOP-5Q9HUDET" failures="0" tests="1" name="seleniumTest.WindowHandled" time="26.712" errors="0" timestamp="2023-10-17T21:42:39 IST" skipped="0">
  <testcase classname="seleniumTest.WindowHandled" name="HandleWindow" time="26.712"/>
</testsuite> <!-- seleniumTest.WindowHandled -->
