<?xml version="1.0" encoding="UTF-8"?>
<!-- Generated by org.testng.reporters.JUnitReportReporter -->
<testsuite hostname="DESKTOP-PDESL0Q" failures="0" tests="1" name="seleniumTest.DropDownCount" time="4.780" errors="0" timestamp="2023-10-02T22:54:40 IST" skipped="0">
  <testcase classname="seleniumTest.DropDownCount" name="FindDropDownvalue" time="4.780"/>
</testsuite> <!-- seleniumTest.DropDownCount -->
