<?xml version="1.0" encoding="UTF-8"?>
<!-- Generated by org.testng.reporters.JUnitReportReporter -->
<testsuite hostname="DESKTOP-PDESL0Q" failures="0" tests="4" name="seleniumTest.DropDownExmaples" time="2.101" errors="0" timestamp="2023-09-22T00:08:21 IST" skipped="0">
  <testcase classname="seleniumTest.DropDownExmaples" name="DropdownSelectByText" time="0.262"/>
  <testcase classname="seleniumTest.DropDownExmaples" name="DropdownIsMultiselect" time="0.106"/>
  <testcase classname="seleniumTest.DropDownExmaples" name="DropdownSelectByIndex" time="1.523"/>
  <testcase classname="seleniumTest.DropDownExmaples" name="DropdownSelectByValue" time="0.210"/>
</testsuite> <!-- seleniumTest.DropDownExmaples -->
