<?xml version="1.0" encoding="UTF-8"?>
<!-- Generated by org.testng.reporters.JUnitReportReporter -->
<testsuite hostname="DESKTOP-PDESL0Q" failures="0" tests="1" name="jiraRestApiCRUD.LogintoAccount" time="18.539" errors="0" timestamp="2023-09-08T17:44:04 IST" skipped="0">
  <testcase classname="jiraRestApiCRUD.LogintoAccount" name="LogintoJIRA" time="18.539"/>
</testsuite> <!-- jiraRestApiCRUD.LogintoAccount -->
