<?xml version="1.0" encoding="UTF-8"?>
<!-- Generated by org.testng.reporters.JUnitReportReporter -->
<testsuite hostname="DESKTOP-PDESL0Q" failures="0" tests="1" name="seleniumTest.JustTest" time="11.612" errors="0" timestamp="2023-09-21T23:57:02 IST" skipped="0">
  <testcase classname="seleniumTest.JustTest" name="test1" time="11.612"/>
</testsuite> <!-- seleniumTest.JustTest -->
