<?xml version="1.0" encoding="UTF-8"?>
<!-- Generated by org.testng.reporters.JUnitReportReporter -->
<testsuite hostname="DESKTOP-PDESL0Q" failures="0" tests="6" name="jiraRestApiCRUD.ApiCRUD" time="8.145" errors="0" timestamp="2023-09-27T11:47:18 IST" skipped="0">
  <testcase classname="jiraRestApiCRUD.ApiCRUD" name="deleteBook" time="0.155"/>
  <testcase classname="jiraRestApiCRUD.ApiCRUD" name="deleteBook" time="0.141"/>
  <testcase classname="jiraRestApiCRUD.ApiCRUD" name="AddBook" time="7.137"/>
  <testcase classname="jiraRestApiCRUD.ApiCRUD" name="AddBook" time="0.273"/>
  <testcase classname="jiraRestApiCRUD.ApiCRUD" name="AddBook" time="0.201"/>
  <testcase classname="jiraRestApiCRUD.ApiCRUD" name="deleteBook" time="0.238"/>
</testsuite> <!-- jiraRestApiCRUD.ApiCRUD -->
