<?xml version="1.0" encoding="UTF-8"?>
<!-- Generated by org.testng.reporters.JUnitReportReporter -->
<testsuite hostname="DESKTOP-PDESL0Q" failures="0" tests="1" name="seleniumTest.ParentXpathAxes" time="70.641" errors="0" timestamp="2023-09-19T23:25:22 IST" skipped="0">
  <testcase classname="seleniumTest.ParentXpathAxes" name="PrintSiblings" time="70.641"/>
</testsuite> <!-- seleniumTest.ParentXpathAxes -->
